app/build/intermediates/manifest_merge_blame_file/debug/manifest-merger-blame-debug-report.txt
1<?xml version="1.0" encoding="utf-8"?>
2<manifest xmlns:android="http://schemas.android.com/apk/res/android"
3    package="com.exam.entranceinew"
4    android:versionCode="1"
5    android:versionName="1.0" >
6
7    <uses-sdk
8        android:minSdkVersion="19"
8-->src\main\AndroidManifest.xml
9        android:targetSdkVersion="29" />
9-->src\main\AndroidManifest.xml
10
11    <application
11-->src\main\AndroidManifest.xml:6:5-43:19
12        android:name="com.exam.entranceinew.GlobalClass"
12-->src\main\AndroidManifest.xml:12:9-36
13        android:allowBackup="true"
13-->src\main\AndroidManifest.xml:7:9-35
14        android:appComponentFactory="androidx.core.app.CoreComponentFactory"
14-->[androidx.core:core:1.1.0] AndroidManifest.xml:24:18-86
15        android:debuggable="true"
16        android:icon="@mipmap/ic_launcher"
16-->src\main\AndroidManifest.xml:8:9-43
17        android:label="@string/app_name"
17-->src\main\AndroidManifest.xml:9:9-41
18        android:roundIcon="@mipmap/ic_launcher_round"
18-->src\main\AndroidManifest.xml:10:9-54
19        android:supportsRtl="true"
19-->src\main\AndroidManifest.xml:11:9-35
20        android:theme="@style/AppTheme" >
20-->src\main\AndroidManifest.xml:13:9-40
21        <activity
21-->src\main\AndroidManifest.xml:15:9-24:20
22            android:name="com.exam.entranceinew.MainActivity"
22-->src\main\AndroidManifest.xml:16:13-41
23            android:label="@string/app_name"
23-->src\main\AndroidManifest.xml:17:13-45
24            android:theme="@style/AppTheme.NoActionBar" >
24-->src\main\AndroidManifest.xml:18:13-56
25            <intent-filter>
25-->src\main\AndroidManifest.xml:19:13-23:29
26                <action android:name="android.intent.action.MAIN" />
26-->src\main\AndroidManifest.xml:20:17-69
26-->src\main\AndroidManifest.xml:20:25-66
27
28                <category android:name="android.intent.category.DEFAULT" />
28-->src\main\AndroidManifest.xml:22:17-76
28-->src\main\AndroidManifest.xml:22:27-73
29            </intent-filter>
30        </activity>
31        <activity
31-->src\main\AndroidManifest.xml:26:9-34:20
32            android:name="com.exam.entranceinew.ui.SplashScreen"
32-->src\main\AndroidManifest.xml:26:19-50
33            android:theme="@style/AppTheme.NoActionBar" >
33-->src\main\AndroidManifest.xml:27:13-56
34            <intent-filter>
34-->src\main\AndroidManifest.xml:29:13-33:29
35                <action android:name="android.intent.action.MAIN" />
35-->src\main\AndroidManifest.xml:20:17-69
35-->src\main\AndroidManifest.xml:20:25-66
36
37                <category android:name="android.intent.category.LAUNCHER" />
37-->src\main\AndroidManifest.xml:32:17-77
37-->src\main\AndroidManifest.xml:32:27-74
38            </intent-filter>
39        </activity>
40        <activity
40-->src\main\AndroidManifest.xml:36:9-37:58
41            android:name="com.exam.entranceinew.ui.LoginScreen"
41-->src\main\AndroidManifest.xml:36:19-49
42            android:theme="@style/AppTheme.NoActionBar" />
42-->src\main\AndroidManifest.xml:37:13-56
43        <activity
43-->src\main\AndroidManifest.xml:38:9-39:58
44            android:name="com.exam.entranceinew.ui.Signup"
44-->src\main\AndroidManifest.xml:38:19-44
45            android:theme="@style/AppTheme.NoActionBar" />
45-->src\main\AndroidManifest.xml:39:13-56
46        <activity
46-->src\main\AndroidManifest.xml:40:9-41:58
47            android:name="com.exam.entranceinew.ui.SignUpScreen"
47-->src\main\AndroidManifest.xml:40:19-50
48            android:theme="@style/AppTheme.NoActionBar" />
48-->src\main\AndroidManifest.xml:41:13-56
49
50        <provider
50-->[androidx.lifecycle:lifecycle-process:2.0.0] AndroidManifest.xml:23:9-27:43
51            android:name="androidx.lifecycle.ProcessLifecycleOwnerInitializer"
51-->[androidx.lifecycle:lifecycle-process:2.0.0] AndroidManifest.xml:24:13-79
52            android:authorities="com.exam.entranceinew.lifecycle-process"
52-->[androidx.lifecycle:lifecycle-process:2.0.0] AndroidManifest.xml:25:13-69
53            android:exported="false"
53-->[androidx.lifecycle:lifecycle-process:2.0.0] AndroidManifest.xml:26:13-37
54            android:multiprocess="true" />
54-->[androidx.lifecycle:lifecycle-process:2.0.0] AndroidManifest.xml:27:13-40
55    </application>
56
57</manifest>